<?xml version="1.0" encoding="UTF-8"?>
<testng-results skipped="0" failed="0" ignored="0" total="1" passed="1">
  <reporter-output>
  </reporter-output>
  <suite name="Suite" duration-ms="16913" started-at="2018-08-21T07:24:46Z" finished-at="2018-08-21T07:25:03Z">
    <groups>
    </groups>
    <test name="Test" duration-ms="16913" started-at="2018-08-21T07:24:46Z" finished-at="2018-08-21T07:25:03Z">
      <class name="acti.Login">
        <test-method status="PASS" signature="loginMethod()[pri:0, instance:acti.Login@1d176f7]" name="loginMethod" duration-ms="16854" started-at="2018-08-21T07:24:46Z" finished-at="2018-08-21T07:25:03Z">
          <reporter-output>
          </reporter-output>
        </test-method> <!-- loginMethod -->
      </class> <!-- acti.Login -->
    </test> <!-- Test -->
  </suite> <!-- Suite -->
</testng-results>
